c:\users\administrator\desktop\sudoku\proj.win32\debug.win32\vc120.pdb
c:\users\administrator\desktop\sudoku\proj.win32\debug.win32\sudoku.ilk
c:\users\administrator\desktop\sudoku\proj.win32\debug.win32\sudoku.exe
c:\users\administrator\desktop\sudoku\proj.win32\debug.win32\sudoku.pdb
c:\users\administrator\desktop\sudoku\proj.win32\debug.win32\game.res
c:\users\administrator\desktop\sudoku\proj.win32\debug.win32\about.obj
c:\users\administrator\desktop\sudoku\proj.win32\debug.win32\appdelegate.obj
c:\users\administrator\desktop\sudoku\proj.win32\debug.win32\changebg.obj
c:\users\administrator\desktop\sudoku\proj.win32\debug.win32\dancinglinks.obj
c:\users\administrator\desktop\sudoku\proj.win32\debug.win32\game.obj
c:\users\administrator\desktop\sudoku\proj.win32\debug.win32\gamemenu.obj
c:\users\administrator\desktop\sudoku\proj.win32\debug.win32\gameover.obj
c:\users\administrator\desktop\sudoku\proj.win32\debug.win32\gamepause.obj
c:\users\administrator\desktop\sudoku\proj.win32\debug.win32\global.obj
c:\users\administrator\desktop\sudoku\proj.win32\debug.win32\hello.obj
c:\users\administrator\desktop\sudoku\proj.win32\debug.win32\main.obj
c:\users\administrator\desktop\sudoku\proj.win32\debug.win32\menu.obj
c:\users\administrator\desktop\sudoku\proj.win32\debug.win32\rank.obj
c:\users\administrator\desktop\sudoku\proj.win32\debug.win32\shop.obj
c:\users\administrator\desktop\sudoku\proj.win32\debug.win32\vc120.idb
c:\users\administrator\desktop\sudoku\proj.win32\debug.win32\sudoku.tlog\cl.command.1.tlog
c:\users\administrator\desktop\sudoku\proj.win32\debug.win32\sudoku.tlog\cl.read.1.tlog
c:\users\administrator\desktop\sudoku\proj.win32\debug.win32\sudoku.tlog\cl.write.1.tlog
c:\users\administrator\desktop\sudoku\proj.win32\debug.win32\sudoku.tlog\link.command.1.tlog
c:\users\administrator\desktop\sudoku\proj.win32\debug.win32\sudoku.tlog\link.read.1.tlog
c:\users\administrator\desktop\sudoku\proj.win32\debug.win32\sudoku.tlog\link.write.1.tlog
c:\users\administrator\desktop\sudoku\proj.win32\debug.win32\sudoku.tlog\rc.command.1.tlog
c:\users\administrator\desktop\sudoku\proj.win32\debug.win32\sudoku.tlog\rc.read.1.tlog
c:\users\administrator\desktop\sudoku\proj.win32\debug.win32\sudoku.tlog\rc.write.1.tlog
