c:\users\administrator\desktop\sudoku\proj.win32\debug.win32\libcocosstudio.lib
c:\users\administrator\desktop\sudoku\cocos2d\cocos\editor-support\cocostudio\proj.win32\debug.win32\buttonreader.obj
c:\users\administrator\desktop\sudoku\cocos2d\cocos\editor-support\cocostudio\proj.win32\debug.win32\ccactionframe.obj
c:\users\administrator\desktop\sudoku\cocos2d\cocos\editor-support\cocostudio\proj.win32\debug.win32\ccactionframeeasing.obj
c:\users\administrator\desktop\sudoku\cocos2d\cocos\editor-support\cocostudio\proj.win32\debug.win32\ccactionmanagerex.obj
c:\users\administrator\desktop\sudoku\cocos2d\cocos\editor-support\cocostudio\proj.win32\debug.win32\ccactionnode.obj
c:\users\administrator\desktop\sudoku\cocos2d\cocos\editor-support\cocostudio\proj.win32\debug.win32\ccactionobject.obj
c:\users\administrator\desktop\sudoku\cocos2d\cocos\editor-support\cocostudio\proj.win32\debug.win32\ccactiontimeline.obj
c:\users\administrator\desktop\sudoku\cocos2d\cocos\editor-support\cocostudio\proj.win32\debug.win32\ccactiontimelinecache.obj
c:\users\administrator\desktop\sudoku\cocos2d\cocos\editor-support\cocostudio\proj.win32\debug.win32\ccarmature.obj
c:\users\administrator\desktop\sudoku\cocos2d\cocos\editor-support\cocostudio\proj.win32\debug.win32\ccarmatureanimation.obj
c:\users\administrator\desktop\sudoku\cocos2d\cocos\editor-support\cocostudio\proj.win32\debug.win32\ccarmaturedatamanager.obj
c:\users\administrator\desktop\sudoku\cocos2d\cocos\editor-support\cocostudio\proj.win32\debug.win32\ccarmaturedefine.obj
c:\users\administrator\desktop\sudoku\cocos2d\cocos\editor-support\cocostudio\proj.win32\debug.win32\ccbatchnode.obj
c:\users\administrator\desktop\sudoku\cocos2d\cocos\editor-support\cocostudio\proj.win32\debug.win32\ccbone.obj
c:\users\administrator\desktop\sudoku\cocos2d\cocos\editor-support\cocostudio\proj.win32\debug.win32\cccolliderdetector.obj
c:\users\administrator\desktop\sudoku\cocos2d\cocos\editor-support\cocostudio\proj.win32\debug.win32\cccomattribute.obj
c:\users\administrator\desktop\sudoku\cocos2d\cocos\editor-support\cocostudio\proj.win32\debug.win32\cccomaudio.obj
c:\users\administrator\desktop\sudoku\cocos2d\cocos\editor-support\cocostudio\proj.win32\debug.win32\cccomcontroller.obj
c:\users\administrator\desktop\sudoku\cocos2d\cocos\editor-support\cocostudio\proj.win32\debug.win32\cccomrender.obj
c:\users\administrator\desktop\sudoku\cocos2d\cocos\editor-support\cocostudio\proj.win32\debug.win32\ccdatareaderhelper.obj
c:\users\administrator\desktop\sudoku\cocos2d\cocos\editor-support\cocostudio\proj.win32\debug.win32\ccdatas.obj
c:\users\administrator\desktop\sudoku\cocos2d\cocos\editor-support\cocostudio\proj.win32\debug.win32\ccdecorativedisplay.obj
c:\users\administrator\desktop\sudoku\cocos2d\cocos\editor-support\cocostudio\proj.win32\debug.win32\ccdisplayfactory.obj
c:\users\administrator\desktop\sudoku\cocos2d\cocos\editor-support\cocostudio\proj.win32\debug.win32\ccdisplaymanager.obj
c:\users\administrator\desktop\sudoku\cocos2d\cocos\editor-support\cocostudio\proj.win32\debug.win32\ccframe.obj
c:\users\administrator\desktop\sudoku\cocos2d\cocos\editor-support\cocostudio\proj.win32\debug.win32\ccinputdelegate.obj
c:\users\administrator\desktop\sudoku\cocos2d\cocos\editor-support\cocostudio\proj.win32\debug.win32\ccnodereader.obj
c:\users\administrator\desktop\sudoku\cocos2d\cocos\editor-support\cocostudio\proj.win32\debug.win32\ccprocessbase.obj
c:\users\administrator\desktop\sudoku\cocos2d\cocos\editor-support\cocostudio\proj.win32\debug.win32\ccsguireader.obj
c:\users\administrator\desktop\sudoku\cocos2d\cocos\editor-support\cocostudio\proj.win32\debug.win32\ccskin.obj
c:\users\administrator\desktop\sudoku\cocos2d\cocos\editor-support\cocostudio\proj.win32\debug.win32\ccspriteframecachehelper.obj
c:\users\administrator\desktop\sudoku\cocos2d\cocos\editor-support\cocostudio\proj.win32\debug.win32\ccsscenereader.obj
c:\users\administrator\desktop\sudoku\cocos2d\cocos\editor-support\cocostudio\proj.win32\debug.win32\cctimeline.obj
c:\users\administrator\desktop\sudoku\cocos2d\cocos\editor-support\cocostudio\proj.win32\debug.win32\cctransformhelp.obj
c:\users\administrator\desktop\sudoku\cocos2d\cocos\editor-support\cocostudio\proj.win32\debug.win32\cctween.obj
c:\users\administrator\desktop\sudoku\cocos2d\cocos\editor-support\cocostudio\proj.win32\debug.win32\ccutilmath.obj
c:\users\administrator\desktop\sudoku\cocos2d\cocos\editor-support\cocostudio\proj.win32\debug.win32\checkboxreader.obj
c:\users\administrator\desktop\sudoku\cocos2d\cocos\editor-support\cocostudio\proj.win32\debug.win32\cocoloader.obj
c:\users\administrator\desktop\sudoku\cocos2d\cocos\editor-support\cocostudio\proj.win32\debug.win32\dictionaryhelper.obj
c:\users\administrator\desktop\sudoku\cocos2d\cocos\editor-support\cocostudio\proj.win32\debug.win32\imageviewreader.obj
c:\users\administrator\desktop\sudoku\cocos2d\cocos\editor-support\cocostudio\proj.win32\debug.win32\layoutreader.obj
c:\users\administrator\desktop\sudoku\cocos2d\cocos\editor-support\cocostudio\proj.win32\debug.win32\listviewreader.obj
c:\users\administrator\desktop\sudoku\cocos2d\cocos\editor-support\cocostudio\proj.win32\debug.win32\loadingbarreader.obj
c:\users\administrator\desktop\sudoku\cocos2d\cocos\editor-support\cocostudio\proj.win32\debug.win32\pageviewreader.obj
c:\users\administrator\desktop\sudoku\cocos2d\cocos\editor-support\cocostudio\proj.win32\debug.win32\scrollviewreader.obj
c:\users\administrator\desktop\sudoku\cocos2d\cocos\editor-support\cocostudio\proj.win32\debug.win32\sliderreader.obj
c:\users\administrator\desktop\sudoku\cocos2d\cocos\editor-support\cocostudio\proj.win32\debug.win32\textatlasreader.obj
c:\users\administrator\desktop\sudoku\cocos2d\cocos\editor-support\cocostudio\proj.win32\debug.win32\textbmfontreader.obj
c:\users\administrator\desktop\sudoku\cocos2d\cocos\editor-support\cocostudio\proj.win32\debug.win32\textfieldreader.obj
c:\users\administrator\desktop\sudoku\cocos2d\cocos\editor-support\cocostudio\proj.win32\debug.win32\textreader.obj
c:\users\administrator\desktop\sudoku\cocos2d\cocos\editor-support\cocostudio\proj.win32\debug.win32\triggerbase.obj
c:\users\administrator\desktop\sudoku\cocos2d\cocos\editor-support\cocostudio\proj.win32\debug.win32\triggermng.obj
c:\users\administrator\desktop\sudoku\cocos2d\cocos\editor-support\cocostudio\proj.win32\debug.win32\triggerobj.obj
c:\users\administrator\desktop\sudoku\cocos2d\cocos\editor-support\cocostudio\proj.win32\debug.win32\widgetreader.obj
c:\users\administrator\desktop\sudoku\cocos2d\cocos\editor-support\cocostudio\proj.win32\debug.win32\libcocosstudio.tlog\cl.command.1.tlog
c:\users\administrator\desktop\sudoku\cocos2d\cocos\editor-support\cocostudio\proj.win32\debug.win32\libcocosstudio.tlog\cl.read.1.tlog
c:\users\administrator\desktop\sudoku\cocos2d\cocos\editor-support\cocostudio\proj.win32\debug.win32\libcocosstudio.tlog\lib-link.read.1.tlog
c:\users\administrator\desktop\sudoku\cocos2d\cocos\editor-support\cocostudio\proj.win32\debug.win32\libcocosstudio.tlog\lib-link.write.1.tlog
c:\users\administrator\desktop\sudoku\cocos2d\cocos\editor-support\cocostudio\proj.win32\debug.win32\libcocosstudio.tlog\lib.command.1.tlog
