c:\users\administrator\desktop\sudoku\proj.win32\debug.win32\libcocos2d.lib
c:\users\administrator\desktop\sudoku\cocos2d\cocos\2d\debug.win32\atitc.obj
c:\users\administrator\desktop\sudoku\cocos2d\cocos\2d\debug.win32\base64.obj
c:\users\administrator\desktop\sudoku\cocos2d\cocos\2d\debug.win32\ccaction.obj
c:\users\administrator\desktop\sudoku\cocos2d\cocos\2d\debug.win32\ccactioncamera.obj
c:\users\administrator\desktop\sudoku\cocos2d\cocos\2d\debug.win32\ccactioncatmullrom.obj
c:\users\administrator\desktop\sudoku\cocos2d\cocos\2d\debug.win32\ccactionease.obj
c:\users\administrator\desktop\sudoku\cocos2d\cocos\2d\debug.win32\ccactiongrid.obj
c:\users\administrator\desktop\sudoku\cocos2d\cocos\2d\debug.win32\ccactiongrid3d.obj
c:\users\administrator\desktop\sudoku\cocos2d\cocos\2d\debug.win32\ccactioninstant.obj
c:\users\administrator\desktop\sudoku\cocos2d\cocos\2d\debug.win32\ccactioninterval.obj
c:\users\administrator\desktop\sudoku\cocos2d\cocos\2d\debug.win32\ccactionmanager.obj
c:\users\administrator\desktop\sudoku\cocos2d\cocos\2d\debug.win32\ccactionpageturn3d.obj
c:\users\administrator\desktop\sudoku\cocos2d\cocos\2d\debug.win32\ccactionprogresstimer.obj
c:\users\administrator\desktop\sudoku\cocos2d\cocos\2d\debug.win32\ccactiontiledgrid.obj
c:\users\administrator\desktop\sudoku\cocos2d\cocos\2d\debug.win32\ccactiontween.obj
c:\users\administrator\desktop\sudoku\cocos2d\cocos\2d\debug.win32\ccaffinetransform.obj
c:\users\administrator\desktop\sudoku\cocos2d\cocos\2d\debug.win32\ccanimate3d.obj
c:\users\administrator\desktop\sudoku\cocos2d\cocos\2d\debug.win32\ccanimation.obj
c:\users\administrator\desktop\sudoku\cocos2d\cocos\2d\debug.win32\ccanimation3d.obj
c:\users\administrator\desktop\sudoku\cocos2d\cocos\2d\debug.win32\ccanimationcache.obj
c:\users\administrator\desktop\sudoku\cocos2d\cocos\2d\debug.win32\ccapplication.obj
c:\users\administrator\desktop\sudoku\cocos2d\cocos\2d\debug.win32\ccarray.obj
c:\users\administrator\desktop\sudoku\cocos2d\cocos\2d\debug.win32\ccatlasnode.obj
c:\users\administrator\desktop\sudoku\cocos2d\cocos\2d\debug.win32\ccautoreleasepool.obj
c:\users\administrator\desktop\sudoku\cocos2d\cocos\2d\debug.win32\ccbatchcommand.obj
c:\users\administrator\desktop\sudoku\cocos2d\cocos\2d\debug.win32\ccbundle3d.obj
c:\users\administrator\desktop\sudoku\cocos2d\cocos\2d\debug.win32\ccbundlereader.obj
c:\users\administrator\desktop\sudoku\cocos2d\cocos\2d\debug.win32\cccarray.obj
c:\users\administrator\desktop\sudoku\cocos2d\cocos\2d\debug.win32\ccclippingnode.obj
c:\users\administrator\desktop\sudoku\cocos2d\cocos\2d\debug.win32\cccommon.obj
c:\users\administrator\desktop\sudoku\cocos2d\cocos\2d\debug.win32\cccomponent.obj
c:\users\administrator\desktop\sudoku\cocos2d\cocos\2d\debug.win32\cccomponentcontainer.obj
c:\users\administrator\desktop\sudoku\cocos2d\cocos\2d\debug.win32\ccconfiguration.obj
c:\users\administrator\desktop\sudoku\cocos2d\cocos\2d\debug.win32\ccconsole.obj
c:\users\administrator\desktop\sudoku\cocos2d\cocos\2d\debug.win32\cccustomcommand.obj
c:\users\administrator\desktop\sudoku\cocos2d\cocos\2d\debug.win32\ccdata.obj
c:\users\administrator\desktop\sudoku\cocos2d\cocos\2d\debug.win32\ccdatavisitor.obj
c:\users\administrator\desktop\sudoku\cocos2d\cocos\2d\debug.win32\ccdeprecated.obj
c:\users\administrator\desktop\sudoku\cocos2d\cocos\2d\debug.win32\ccdevice.obj
c:\users\administrator\desktop\sudoku\cocos2d\cocos\2d\debug.win32\ccdictionary.obj
c:\users\administrator\desktop\sudoku\cocos2d\cocos\2d\debug.win32\ccdirector.obj
c:\users\administrator\desktop\sudoku\cocos2d\cocos\2d\debug.win32\ccdrawingprimitives.obj
c:\users\administrator\desktop\sudoku\cocos2d\cocos\2d\debug.win32\ccdrawnode.obj
c:\users\administrator\desktop\sudoku\cocos2d\cocos\2d\debug.win32\ccevent.obj
c:\users\administrator\desktop\sudoku\cocos2d\cocos\2d\debug.win32\cceventacceleration.obj
c:\users\administrator\desktop\sudoku\cocos2d\cocos\2d\debug.win32\cceventcustom.obj
c:\users\administrator\desktop\sudoku\cocos2d\cocos\2d\debug.win32\cceventdispatcher.obj
c:\users\administrator\desktop\sudoku\cocos2d\cocos\2d\debug.win32\cceventfocus.obj
c:\users\administrator\desktop\sudoku\cocos2d\cocos\2d\debug.win32\cceventkeyboard.obj
c:\users\administrator\desktop\sudoku\cocos2d\cocos\2d\debug.win32\cceventlistener.obj
c:\users\administrator\desktop\sudoku\cocos2d\cocos\2d\debug.win32\cceventlisteneracceleration.obj
c:\users\administrator\desktop\sudoku\cocos2d\cocos\2d\debug.win32\cceventlistenercustom.obj
c:\users\administrator\desktop\sudoku\cocos2d\cocos\2d\debug.win32\cceventlistenerfocus.obj
c:\users\administrator\desktop\sudoku\cocos2d\cocos\2d\debug.win32\cceventlistenerkeyboard.obj
c:\users\administrator\desktop\sudoku\cocos2d\cocos\2d\debug.win32\cceventlistenermouse.obj
c:\users\administrator\desktop\sudoku\cocos2d\cocos\2d\debug.win32\cceventlistenertouch.obj
c:\users\administrator\desktop\sudoku\cocos2d\cocos\2d\debug.win32\cceventmouse.obj
c:\users\administrator\desktop\sudoku\cocos2d\cocos\2d\debug.win32\cceventtouch.obj
c:\users\administrator\desktop\sudoku\cocos2d\cocos\2d\debug.win32\ccfasttmxlayer.obj
c:\users\administrator\desktop\sudoku\cocos2d\cocos\2d\debug.win32\ccfasttmxtiledmap.obj
c:\users\administrator\desktop\sudoku\cocos2d\cocos\2d\debug.win32\ccfileutils.obj
c:\users\administrator\desktop\sudoku\cocos2d\cocos\2d\debug.win32\ccfileutilswin32.obj
c:\users\administrator\desktop\sudoku\cocos2d\cocos\2d\debug.win32\ccfont.obj
c:\users\administrator\desktop\sudoku\cocos2d\cocos\2d\debug.win32\ccfontatlas.obj
c:\users\administrator\desktop\sudoku\cocos2d\cocos\2d\debug.win32\ccfontatlascache.obj
c:\users\administrator\desktop\sudoku\cocos2d\cocos\2d\debug.win32\ccfontcharmap.obj
c:\users\administrator\desktop\sudoku\cocos2d\cocos\2d\debug.win32\ccfontfnt.obj
c:\users\administrator\desktop\sudoku\cocos2d\cocos\2d\debug.win32\ccfontfreetype.obj
c:\users\administrator\desktop\sudoku\cocos2d\cocos\2d\debug.win32\ccfpsimages.obj
c:\users\administrator\desktop\sudoku\cocos2d\cocos\2d\debug.win32\ccgeometry.obj
c:\users\administrator\desktop\sudoku\cocos2d\cocos\2d\debug.win32\ccglbufferednode.obj
c:\users\administrator\desktop\sudoku\cocos2d\cocos\2d\debug.win32\ccglprogram.obj
c:\users\administrator\desktop\sudoku\cocos2d\cocos\2d\debug.win32\ccglprogramcache.obj
c:\users\administrator\desktop\sudoku\cocos2d\cocos\2d\debug.win32\ccglprogramstate.obj
c:\users\administrator\desktop\sudoku\cocos2d\cocos\2d\debug.win32\ccglprogramstatecache.obj
c:\users\administrator\desktop\sudoku\cocos2d\cocos\2d\debug.win32\ccglstatecache.obj
c:\users\administrator\desktop\sudoku\cocos2d\cocos\2d\debug.win32\ccglview.obj
c:\users\administrator\desktop\sudoku\cocos2d\cocos\2d\debug.win32\ccglviewprotocol.obj
c:\users\administrator\desktop\sudoku\cocos2d\cocos\2d\debug.win32\ccgrabber.obj
c:\users\administrator\desktop\sudoku\cocos2d\cocos\2d\debug.win32\ccgrid.obj
c:\users\administrator\desktop\sudoku\cocos2d\cocos\2d\debug.win32\ccgroupcommand.obj
c:\users\administrator\desktop\sudoku\cocos2d\cocos\2d\debug.win32\ccimage.obj
c:\users\administrator\desktop\sudoku\cocos2d\cocos\2d\debug.win32\ccimedispatcher.obj
c:\users\administrator\desktop\sudoku\cocos2d\cocos\2d\debug.win32\cclabel.obj
c:\users\administrator\desktop\sudoku\cocos2d\cocos\2d\debug.win32\cclabelatlas.obj
c:\users\administrator\desktop\sudoku\cocos2d\cocos\2d\debug.win32\cclabelbmfont.obj
c:\users\administrator\desktop\sudoku\cocos2d\cocos\2d\debug.win32\cclabeltextformatter.obj
c:\users\administrator\desktop\sudoku\cocos2d\cocos\2d\debug.win32\cclabelttf.obj
c:\users\administrator\desktop\sudoku\cocos2d\cocos\2d\debug.win32\cclayer.obj
c:\users\administrator\desktop\sudoku\cocos2d\cocos\2d\debug.win32\ccmenu.obj
c:\users\administrator\desktop\sudoku\cocos2d\cocos\2d\debug.win32\ccmenuitem.obj
c:\users\administrator\desktop\sudoku\cocos2d\cocos\2d\debug.win32\ccmesh.obj
c:\users\administrator\desktop\sudoku\cocos2d\cocos\2d\debug.win32\ccmeshcommand.obj
c:\users\administrator\desktop\sudoku\cocos2d\cocos\2d\debug.win32\ccmeshskin.obj
c:\users\administrator\desktop\sudoku\cocos2d\cocos\2d\debug.win32\ccmotionstreak.obj
c:\users\administrator\desktop\sudoku\cocos2d\cocos\2d\debug.win32\ccnode.obj
c:\users\administrator\desktop\sudoku\cocos2d\cocos\2d\debug.win32\ccnodegrid.obj
c:\users\administrator\desktop\sudoku\cocos2d\cocos\2d\debug.win32\ccnotificationcenter.obj
c:\users\administrator\desktop\sudoku\cocos2d\cocos\2d\debug.win32\ccns.obj
c:\users\administrator\desktop\sudoku\cocos2d\cocos\2d\debug.win32\ccobjloader.obj
c:\users\administrator\desktop\sudoku\cocos2d\cocos\2d\debug.win32\ccparallaxnode.obj
c:\users\administrator\desktop\sudoku\cocos2d\cocos\2d\debug.win32\ccparticlebatchnode.obj
c:\users\administrator\desktop\sudoku\cocos2d\cocos\2d\debug.win32\ccparticleexamples.obj
c:\users\administrator\desktop\sudoku\cocos2d\cocos\2d\debug.win32\ccparticlesystem.obj
c:\users\administrator\desktop\sudoku\cocos2d\cocos\2d\debug.win32\ccparticlesystemquad.obj
c:\users\administrator\desktop\sudoku\cocos2d\cocos\2d\debug.win32\ccphysicsbody.obj
c:\users\administrator\desktop\sudoku\cocos2d\cocos\2d\debug.win32\ccphysicsbodyinfo_chipmunk.obj
c:\users\administrator\desktop\sudoku\cocos2d\cocos\2d\debug.win32\ccphysicscontact.obj
c:\users\administrator\desktop\sudoku\cocos2d\cocos\2d\debug.win32\ccphysicscontactinfo_chipmunk.obj
c:\users\administrator\desktop\sudoku\cocos2d\cocos\2d\debug.win32\ccphysicsjoint.obj
c:\users\administrator\desktop\sudoku\cocos2d\cocos\2d\debug.win32\ccphysicsjointinfo_chipmunk.obj
c:\users\administrator\desktop\sudoku\cocos2d\cocos\2d\debug.win32\ccphysicsshape.obj
c:\users\administrator\desktop\sudoku\cocos2d\cocos\2d\debug.win32\ccphysicsshapeinfo_chipmunk.obj
c:\users\administrator\desktop\sudoku\cocos2d\cocos\2d\debug.win32\ccphysicsworld.obj
c:\users\administrator\desktop\sudoku\cocos2d\cocos\2d\debug.win32\ccphysicsworldinfo_chipmunk.obj
c:\users\administrator\desktop\sudoku\cocos2d\cocos\2d\debug.win32\ccprofiling.obj
c:\users\administrator\desktop\sudoku\cocos2d\cocos\2d\debug.win32\ccprogresstimer.obj
c:\users\administrator\desktop\sudoku\cocos2d\cocos\2d\debug.win32\ccquadcommand.obj
c:\users\administrator\desktop\sudoku\cocos2d\cocos\2d\debug.win32\ccref.obj
c:\users\administrator\desktop\sudoku\cocos2d\cocos\2d\debug.win32\ccrendercommand.obj
c:\users\administrator\desktop\sudoku\cocos2d\cocos\2d\debug.win32\ccrenderer.obj
c:\users\administrator\desktop\sudoku\cocos2d\cocos\2d\debug.win32\ccrendertexture.obj
c:\users\administrator\desktop\sudoku\cocos2d\cocos\2d\debug.win32\ccsaxparser.obj
c:\users\administrator\desktop\sudoku\cocos2d\cocos\2d\debug.win32\ccscene.obj
c:\users\administrator\desktop\sudoku\cocos2d\cocos\2d\debug.win32\ccscheduler.obj
c:\users\administrator\desktop\sudoku\cocos2d\cocos\2d\debug.win32\ccscriptsupport.obj
c:\users\administrator\desktop\sudoku\cocos2d\cocos\2d\debug.win32\ccset.obj
c:\users\administrator\desktop\sudoku\cocos2d\cocos\2d\debug.win32\ccshaders.obj
c:\users\administrator\desktop\sudoku\cocos2d\cocos\2d\debug.win32\ccsprite.obj
c:\users\administrator\desktop\sudoku\cocos2d\cocos\2d\debug.win32\ccsprite3d.obj
c:\users\administrator\desktop\sudoku\cocos2d\cocos\2d\debug.win32\ccsprite3dmaterial.obj
c:\users\administrator\desktop\sudoku\cocos2d\cocos\2d\debug.win32\ccspritebatchnode.obj
c:\users\administrator\desktop\sudoku\cocos2d\cocos\2d\debug.win32\ccspriteframe.obj
c:\users\administrator\desktop\sudoku\cocos2d\cocos\2d\debug.win32\ccspriteframecache.obj
c:\users\administrator\desktop\sudoku\cocos2d\cocos\2d\debug.win32\ccstdc.obj
c:\users\administrator\desktop\sudoku\cocos2d\cocos\2d\debug.win32\ccstring.obj
c:\users\administrator\desktop\sudoku\cocos2d\cocos\2d\debug.win32\cctextfieldttf.obj
c:\users\administrator\desktop\sudoku\cocos2d\cocos\2d\debug.win32\cctexture2d.obj
c:\users\administrator\desktop\sudoku\cocos2d\cocos\2d\debug.win32\cctextureatlas.obj
c:\users\administrator\desktop\sudoku\cocos2d\cocos\2d\debug.win32\cctexturecache.obj
c:\users\administrator\desktop\sudoku\cocos2d\cocos\2d\debug.win32\ccthread.obj
c:\users\administrator\desktop\sudoku\cocos2d\cocos\2d\debug.win32\cctilemapatlas.obj
c:\users\administrator\desktop\sudoku\cocos2d\cocos\2d\debug.win32\cctmxlayer.obj
c:\users\administrator\desktop\sudoku\cocos2d\cocos\2d\debug.win32\cctmxobjectgroup.obj
c:\users\administrator\desktop\sudoku\cocos2d\cocos\2d\debug.win32\cctmxtiledmap.obj
c:\users\administrator\desktop\sudoku\cocos2d\cocos\2d\debug.win32\cctmxxmlparser.obj
c:\users\administrator\desktop\sudoku\cocos2d\cocos\2d\debug.win32\cctouch.obj
c:\users\administrator\desktop\sudoku\cocos2d\cocos\2d\debug.win32\cctransition.obj
c:\users\administrator\desktop\sudoku\cocos2d\cocos\2d\debug.win32\cctransitionpageturn.obj
c:\users\administrator\desktop\sudoku\cocos2d\cocos\2d\debug.win32\cctransitionprogress.obj
c:\users\administrator\desktop\sudoku\cocos2d\cocos\2d\debug.win32\cctweenfunction.obj
c:\users\administrator\desktop\sudoku\cocos2d\cocos\2d\debug.win32\cctypes.obj
c:\users\administrator\desktop\sudoku\cocos2d\cocos\2d\debug.win32\ccuserdefault.obj
c:\users\administrator\desktop\sudoku\cocos2d\cocos\2d\debug.win32\ccutf8.obj
c:\users\administrator\desktop\sudoku\cocos2d\cocos\2d\debug.win32\ccutils.obj
c:\users\administrator\desktop\sudoku\cocos2d\cocos\2d\debug.win32\ccvalue.obj
c:\users\administrator\desktop\sudoku\cocos2d\cocos\2d\debug.win32\ccvertex.obj
c:\users\administrator\desktop\sudoku\cocos2d\cocos\2d\debug.win32\cocos2d.obj
c:\users\administrator\desktop\sudoku\cocos2d\cocos\2d\debug.win32\convertutf.obj
c:\users\administrator\desktop\sudoku\cocos2d\cocos\2d\debug.win32\convertutfwrapper.obj
c:\users\administrator\desktop\sudoku\cocos2d\cocos\2d\debug.win32\edtaa3func.obj
c:\users\administrator\desktop\sudoku\cocos2d\cocos\2d\debug.win32\etc1.obj
c:\users\administrator\desktop\sudoku\cocos2d\cocos\2d\debug.win32\ioapi.obj
c:\users\administrator\desktop\sudoku\cocos2d\cocos\2d\debug.win32\mat4.obj
c:\users\administrator\desktop\sudoku\cocos2d\cocos\2d\debug.win32\mathutil.obj
c:\users\administrator\desktop\sudoku\cocos2d\cocos\2d\debug.win32\objectfactory.obj
c:\users\administrator\desktop\sudoku\cocos2d\cocos\2d\debug.win32\quaternion.obj
c:\users\administrator\desktop\sudoku\cocos2d\cocos\2d\debug.win32\s3tc.obj
c:\users\administrator\desktop\sudoku\cocos2d\cocos\2d\debug.win32\tgalib.obj
c:\users\administrator\desktop\sudoku\cocos2d\cocos\2d\debug.win32\tinyxml2.obj
c:\users\administrator\desktop\sudoku\cocos2d\cocos\2d\debug.win32\transformutils.obj
c:\users\administrator\desktop\sudoku\cocos2d\cocos\2d\debug.win32\unzip.obj
c:\users\administrator\desktop\sudoku\cocos2d\cocos\2d\debug.win32\vec2.obj
c:\users\administrator\desktop\sudoku\cocos2d\cocos\2d\debug.win32\vec3.obj
c:\users\administrator\desktop\sudoku\cocos2d\cocos\2d\debug.win32\vec4.obj
c:\users\administrator\desktop\sudoku\cocos2d\cocos\2d\debug.win32\xxhash.obj
c:\users\administrator\desktop\sudoku\cocos2d\cocos\2d\debug.win32\ziputils.obj
c:\users\administrator\desktop\sudoku\cocos2d\cocos\2d\debug.win32\libcocos2d.tlog\cl.command.1.tlog
c:\users\administrator\desktop\sudoku\cocos2d\cocos\2d\debug.win32\libcocos2d.tlog\cl.read.1.tlog
c:\users\administrator\desktop\sudoku\cocos2d\cocos\2d\debug.win32\libcocos2d.tlog\lib-link.read.1.tlog
c:\users\administrator\desktop\sudoku\cocos2d\cocos\2d\debug.win32\libcocos2d.tlog\lib-link.write.1.tlog
c:\users\administrator\desktop\sudoku\cocos2d\cocos\2d\debug.win32\libcocos2d.tlog\lib.command.1.tlog
