c:\users\administrator\desktop\sudoku\proj.win32\debug.win32\libgui.lib
c:\users\administrator\desktop\sudoku\cocos2d\cocos\ui\proj.win32\debug.win32\ccprotectednode.obj
c:\users\administrator\desktop\sudoku\cocos2d\cocos\ui\proj.win32\debug.win32\cocosgui.obj
c:\users\administrator\desktop\sudoku\cocos2d\cocos\ui\proj.win32\debug.win32\uibutton.obj
c:\users\administrator\desktop\sudoku\cocos2d\cocos\ui\proj.win32\debug.win32\uicheckbox.obj
c:\users\administrator\desktop\sudoku\cocos2d\cocos\ui\proj.win32\debug.win32\uideprecated.obj
c:\users\administrator\desktop\sudoku\cocos2d\cocos\ui\proj.win32\debug.win32\uihbox.obj
c:\users\administrator\desktop\sudoku\cocos2d\cocos\ui\proj.win32\debug.win32\uihelper.obj
c:\users\administrator\desktop\sudoku\cocos2d\cocos\ui\proj.win32\debug.win32\uiimageview.obj
c:\users\administrator\desktop\sudoku\cocos2d\cocos\ui\proj.win32\debug.win32\uilayout.obj
c:\users\administrator\desktop\sudoku\cocos2d\cocos\ui\proj.win32\debug.win32\uilayoutmanager.obj
c:\users\administrator\desktop\sudoku\cocos2d\cocos\ui\proj.win32\debug.win32\uilayoutparameter.obj
c:\users\administrator\desktop\sudoku\cocos2d\cocos\ui\proj.win32\debug.win32\uilistview.obj
c:\users\administrator\desktop\sudoku\cocos2d\cocos\ui\proj.win32\debug.win32\uiloadingbar.obj
c:\users\administrator\desktop\sudoku\cocos2d\cocos\ui\proj.win32\debug.win32\uipageview.obj
c:\users\administrator\desktop\sudoku\cocos2d\cocos\ui\proj.win32\debug.win32\uirelativebox.obj
c:\users\administrator\desktop\sudoku\cocos2d\cocos\ui\proj.win32\debug.win32\uirichtext.obj
c:\users\administrator\desktop\sudoku\cocos2d\cocos\ui\proj.win32\debug.win32\uiscrollview.obj
c:\users\administrator\desktop\sudoku\cocos2d\cocos\ui\proj.win32\debug.win32\uislider.obj
c:\users\administrator\desktop\sudoku\cocos2d\cocos\ui\proj.win32\debug.win32\uitext.obj
c:\users\administrator\desktop\sudoku\cocos2d\cocos\ui\proj.win32\debug.win32\uitextatlas.obj
c:\users\administrator\desktop\sudoku\cocos2d\cocos\ui\proj.win32\debug.win32\uitextbmfont.obj
c:\users\administrator\desktop\sudoku\cocos2d\cocos\ui\proj.win32\debug.win32\uitextfield.obj
c:\users\administrator\desktop\sudoku\cocos2d\cocos\ui\proj.win32\debug.win32\uivbox.obj
c:\users\administrator\desktop\sudoku\cocos2d\cocos\ui\proj.win32\debug.win32\uiwidget.obj
c:\users\administrator\desktop\sudoku\cocos2d\cocos\ui\proj.win32\debug.win32\libgui.tlog\cl.command.1.tlog
c:\users\administrator\desktop\sudoku\cocos2d\cocos\ui\proj.win32\debug.win32\libgui.tlog\cl.read.1.tlog
c:\users\administrator\desktop\sudoku\cocos2d\cocos\ui\proj.win32\debug.win32\libgui.tlog\lib-link.read.1.tlog
c:\users\administrator\desktop\sudoku\cocos2d\cocos\ui\proj.win32\debug.win32\libgui.tlog\lib-link.write.1.tlog
c:\users\administrator\desktop\sudoku\cocos2d\cocos\ui\proj.win32\debug.win32\libgui.tlog\lib.command.1.tlog
